<?xml version="1.0" encoding="UTF-8"?>
<!-- Generated by org.testng.reporters.JUnitReportReporter -->
<testsuite hostname="LAPTOP-9C7LO5BA" failures="0" tests="1" name="com.makemytrip.testcases.FlightPageTest" time="0.000" errors="0" timestamp="2025-08-28T12:13:23 IST" skipped="1">
  <testcase classname="com.makemytrip.testcases.FlightPageTest" name="searchFlight" time="0.000">
    <skipped/>
  </testcase> <!-- searchFlight -->
  <system-out/>
</testsuite> <!-- com.makemytrip.testcases.FlightPageTest -->
